<?xml version="1.0" encoding="UTF-8"?>
<!-- Generated by org.testng.reporters.JUnitReportReporter -->
<testsuite hostname="DESKTOP-GAA2U1H" failures="0" tests="1" name="Amazon.ProjectOne.Testcase_1" time="17.488" errors="0" timestamp="2024-03-29T18:48:16 IST" skipped="0">
  <testcase classname="Amazon.ProjectOne.Testcase_1" name="SucesfulRegisterNewUser_Testcase_1" time="17.488"/>
  <system-out>
    <![CDATA[Test Case Started
Routing to the Registration is Done
New Profile is creation is Done
Test has Passed]]>
  </system-out>
</testsuite> <!-- Amazon.ProjectOne.Testcase_1 -->
