<?xml version="1.0" encoding="UTF-8"?>
<!-- Generated by org.testng.reporters.JUnitReportReporter -->
<testsuite hostname="DESKTOP-GAA2U1H" failures="0" tests="1" name="Amazon.ProjectOne.Testcase_15" time="36.482" errors="0" timestamp="2024-03-29T18:48:16 IST" skipped="0">
  <testcase classname="Amazon.ProjectOne.Testcase_15" name="ReachCartWithoutLogin_Testcase_15" time="36.482"/>
  <system-out>
    <![CDATA[Test Case Started
Search for Shoe/product is Done
Search for Shoe/product is Done
Adding Product to the cart is Done
Routing to the Cart is Done
Test has Passed]]>
  </system-out>
</testsuite> <!-- Amazon.ProjectOne.Testcase_15 -->
