<?xml version="1.0" encoding="UTF-8"?>
<!-- Generated by org.testng.reporters.JUnitReportReporter -->
<testsuite hostname="DESKTOP-GAA2U1H" failures="0" tests="1" name="Amazon.ProjectOne.Testcase_11" time="96.356" errors="0" timestamp="2024-03-29T18:48:16 IST" skipped="0">
  <testcase classname="Amazon.ProjectOne.Testcase_11" name="ProductCheckOutToOrderReview_Testcase_11" time="96.356"/>
  <system-out>
    <![CDATA[Test Case Started
Routing to the login Page is Done
Routing to the login Page is Done
Search for Shoe/product is Done
Search for Shoe/product is Done
Routing to the Product details is Done
Adding Product to the cart is Done
Routing to the Cart is Done
Routing to the Payments page is Done
Adding credit card deatils is Done
Click on Order is Done
Test has Passed]]>
  </system-out>
</testsuite> <!-- Amazon.ProjectOne.Testcase_11 -->
