<?xml version="1.0" encoding="UTF-8"?>
<!-- Generated by org.testng.reporters.JUnitReportReporter -->
<testsuite hostname="DESKTOP-GAA2U1H" failures="0" tests="3" name="Amazon.ProjectOne.Testcase_14" time="121.697" errors="0" timestamp="2024-03-29T18:48:16 IST" skipped="2">
  <testcase classname="Amazon.ProjectOne.Testcase_14" name="ProductReview_Testcase_14" time="36.361">
    <skipped/>
  </testcase> <!-- ProductReview_Testcase_14 -->
  <system-out>
    <![CDATA[Test Case Started
Routing to the login Page is Done
Sucessful Login is Done]]>
  </system-out>
  <testcase classname="Amazon.ProjectOne.Testcase_14" name="ProductReview_Testcase_14" time="50.717"/>
  <system-out>
    <![CDATA[Test Case Started
Routing to the login Page is Done
Sucessful Login is Done
Routing to the order listing page is Done
Routing to the Add review page is Done
Adding the product review is Done
Test has Passed]]>
  </system-out>
  <testcase classname="Amazon.ProjectOne.Testcase_14" name="ProductReview_Testcase_14" time="34.619">
    <skipped/>
  </testcase> <!-- ProductReview_Testcase_14 -->
  <system-out>
    <![CDATA[Test Case Started
Routing to the login Page is Done
Sucessful Login is Done]]>
  </system-out>
</testsuite> <!-- Amazon.ProjectOne.Testcase_14 -->
